<?xml version="1.0" encoding="UTF-8"?>
<!-- Generated by org.testng.reporters.JUnitReportReporter -->
<testsuite skipped="0" hostname="DESKTOP-5G4LIOS" name="enh.web.tests.SMITHS_TC_DeleteSiteDetails" tests="1" failures="0" timestamp="21 Oct 2019 13:35:56 GMT" time="41.169" errors="0">
  <testcase name="test" time="41.169" classname="enh.web.tests.SMITHS_TC_DeleteSiteDetails"/>
</testsuite> <!-- enh.web.tests.SMITHS_TC_DeleteSiteDetails -->
