<?xml version="1.0" encoding="UTF-8"?>
<!-- Generated by org.testng.reporters.JUnitReportReporter -->
<testsuite skipped="0" hostname="DESKTOP-5G4LIOS" name="enh.web.tests.SMITHS_TC_Plative_Saleslogin" tests="1" failures="0" timestamp="23 Jan 2020 15:46:04 GMT" time="47.962" errors="0">
  <testcase name="test" time="47.962" classname="enh.web.tests.SMITHS_TC_Plative_Saleslogin"/>
</testsuite> <!-- enh.web.tests.SMITHS_TC_Plative_Saleslogin -->
