<?xml version="1.0" encoding="UTF-8"?>
<!-- Generated by org.testng.reporters.JUnitReportReporter -->
<testsuite skipped="0" hostname="DESKTOP-5G4LIOS" name="enh.web.tests.SMITHS_TC_SpaceBasic_login" tests="1" failures="0" timestamp="09 Nov 2019 19:24:27 GMT" time="19.057" errors="0">
  <testcase name="login" time="19.057" classname="enh.web.tests.SMITHS_TC_SpaceBasic_login"/>
</testsuite> <!-- enh.web.tests.SMITHS_TC_SpaceBasic_login -->
