<?xml version="1.0" encoding="UTF-8"?>
<!-- Generated by org.testng.reporters.JUnitReportReporter -->
<testsuite skipped="0" hostname="DESKTOP-5G4LIOS" name="enh.web.tests.SMITHS_TC_EditSitedetails" tests="1" failures="0" timestamp="21 Oct 2019 13:34:29 GMT" time="47.119" errors="0">
  <testcase name="test" time="47.119" classname="enh.web.tests.SMITHS_TC_EditSitedetails"/>
</testsuite> <!-- enh.web.tests.SMITHS_TC_EditSitedetails -->
