<?xml version="1.0" encoding="UTF-8"?>
<!-- Generated by org.testng.reporters.JUnitReportReporter -->
<testsuite skipped="0" hostname="DESKTOP-5G4LIOS" name="enh.web.tests.SMITHS_TC_LeaveManager" tests="1" failures="0" timestamp="23 Nov 2019 10:01:33 GMT" time="82.406" errors="0">
  <testcase name="login" time="82.406" classname="enh.web.tests.SMITHS_TC_LeaveManager"/>
</testsuite> <!-- enh.web.tests.SMITHS_TC_LeaveManager -->
