<?xml version="1.0" encoding="UTF-8"?>
<!-- Generated by org.testng.reporters.JUnitReportReporter -->
<testsuite skipped="0" hostname="DESKTOP-5G4LIOS" name="enh.web.tests.SMITHS_TC_SiteDetsils_FileUpload" tests="1" failures="0" timestamp="21 Oct 2019 16:01:38 GMT" time="110.766" errors="0">
  <testcase name="test" time="110.766" classname="enh.web.tests.SMITHS_TC_SiteDetsils_FileUpload"/>
</testsuite> <!-- enh.web.tests.SMITHS_TC_SiteDetsils_FileUpload -->
