<?xml version="1.0" encoding="UTF-8"?>
<!-- Generated by org.testng.reporters.JUnitReportReporter -->
<testsuite skipped="0" hostname="DESKTOP-5G4LIOS" name="enh.web.tests.SMITHS_TC_001" tests="1" failures="0" timestamp="15 Oct 2019 11:47:59 GMT" time="22.614" errors="0">
  <testcase name="test" time="22.614" classname="enh.web.tests.SMITHS_TC_001"/>
</testsuite> <!-- enh.web.tests.SMITHS_TC_001 -->
