<?xml version="1.0" encoding="UTF-8"?>
<!-- Generated by org.testng.reporters.JUnitReportReporter -->
<testsuite skipped="0" hostname="DESKTOP-5G4LIOS" name="enh.web.tests.SMITHS_TC_SITEADD" tests="1" failures="0" timestamp="21 Oct 2019 09:39:02 GMT" time="46.725" errors="0">
  <testcase name="test" time="46.725" classname="enh.web.tests.SMITHS_TC_SITEADD"/>
</testsuite> <!-- enh.web.tests.SMITHS_TC_SITEADD -->
