<?xml version="1.0" encoding="UTF-8"?>
<!-- Generated by org.testng.reporters.JUnitReportReporter -->
<testsuite skipped="0" hostname="DESKTOP-5G4LIOS" name="enh.web.tests.SMITHS_TC_KPIMaster" tests="1" failures="0" timestamp="16 Oct 2019 11:26:21 GMT" time="40.909" errors="0">
  <testcase name="test" time="40.909" classname="enh.web.tests.SMITHS_TC_KPIMaster"/>
</testsuite> <!-- enh.web.tests.SMITHS_TC_KPIMaster -->
